<?xml version="1.0" encoding="UTF-8"?>
<!-- Generated by org.testng.reporters.JUnitXMLReporter -->
<testsuite ignored="0" hostname="DESKTOP-3IHEH70" failures="0" tests="2" name="Error Validations Test" time="11.52" errors="0" timestamp="13 oct 2024 14:20:17 GMT">
  <testcase classname="rahulshettyacademy.tests.ErrorValidationsTest" name="LoginErrorValidation" time="1.005"/>
  <testcase classname="rahulshettyacademy.tests.ErrorValidationsTest" name="ProductErrorValidation" time="2.53"/>
</testsuite> <!-- Error Validations Test -->
