<?xml version="1.0" encoding="UTF-8"?>
<testng-results ignored="0" total="5" passed="5" failed="0" skipped="0">
  <reporter-output>
  </reporter-output>
  <suite started-at="2024-10-13T14:20:05Z" name="Suite" finished-at="2024-10-13T14:20:23Z" duration-ms="17546">
    <groups>
      <group name="Purchase">
        <method signature="SubmitOrderTest.submitOrder(java.util.HashMap)[pri:0, instance:rahulshettyacademy.tests.SubmitOrderTest@335b5620]" name="submitOrder" class="rahulshettyacademy.tests.SubmitOrderTest"/>
      </group> <!-- Purchase -->
      <group name="ErrorHandling">
        <method signature="ErrorValidationsTest.LoginErrorValidation()[pri:0, instance:rahulshettyacademy.tests.ErrorValidationsTest@535779e4]" name="LoginErrorValidation" class="rahulshettyacademy.tests.ErrorValidationsTest"/>
      </group> <!-- ErrorHandling -->
    </groups>
    <test started-at="2024-10-13T14:20:05Z" name="Error Validations Test" finished-at="2024-10-13T14:20:17Z" duration-ms="11520">
      <class name="rahulshettyacademy.tests.ErrorValidationsTest">
        <test-method is-config="true" signature="launchApplication()[pri:0, instance:rahulshettyacademy.tests.ErrorValidationsTest@535779e4]" started-at="2024-10-13T14:20:05Z" name="launchApplication" finished-at="2024-10-13T14:20:10Z" duration-ms="4662" status="PASS">
          <reporter-output>
          </reporter-output>
        </test-method> <!-- launchApplication -->
        <test-method signature="LoginErrorValidation()[pri:0, instance:rahulshettyacademy.tests.ErrorValidationsTest@535779e4]" started-at="2024-10-13T14:20:10Z" name="LoginErrorValidation" finished-at="2024-10-13T14:20:11Z" duration-ms="1005" status="PASS">
          <reporter-output>
          </reporter-output>
        </test-method> <!-- LoginErrorValidation -->
        <test-method is-config="true" signature="tearDown()[pri:0, instance:rahulshettyacademy.tests.ErrorValidationsTest@535779e4]" started-at="2024-10-13T14:20:11Z" name="tearDown" finished-at="2024-10-13T14:20:11Z" duration-ms="87" status="PASS">
          <reporter-output>
          </reporter-output>
        </test-method> <!-- tearDown -->
        <test-method is-config="true" signature="launchApplication()[pri:0, instance:rahulshettyacademy.tests.ErrorValidationsTest@535779e4]" started-at="2024-10-13T14:20:11Z" name="launchApplication" finished-at="2024-10-13T14:20:14Z" duration-ms="3143" status="PASS">
          <reporter-output>
          </reporter-output>
        </test-method> <!-- launchApplication -->
        <test-method signature="ProductErrorValidation()[pri:0, instance:rahulshettyacademy.tests.ErrorValidationsTest@535779e4]" started-at="2024-10-13T14:20:14Z" name="ProductErrorValidation" finished-at="2024-10-13T14:20:16Z" duration-ms="2530" status="PASS">
          <reporter-output>
          </reporter-output>
        </test-method> <!-- ProductErrorValidation -->
        <test-method is-config="true" signature="tearDown()[pri:0, instance:rahulshettyacademy.tests.ErrorValidationsTest@535779e4]" started-at="2024-10-13T14:20:16Z" name="tearDown" finished-at="2024-10-13T14:20:17Z" duration-ms="74" status="PASS">
          <reporter-output>
          </reporter-output>
        </test-method> <!-- tearDown -->
      </class> <!-- rahulshettyacademy.tests.ErrorValidationsTest -->
    </test> <!-- Error Validations Test -->
    <test started-at="2024-10-13T14:20:05Z" name="Submit Order Test" finished-at="2024-10-13T14:20:23Z" duration-ms="17546">
      <class name="rahulshettyacademy.tests.SubmitOrderTest">
        <test-method is-config="true" signature="launchApplication()[pri:0, instance:rahulshettyacademy.tests.SubmitOrderTest@335b5620]" started-at="2024-10-13T14:20:05Z" name="launchApplication" finished-at="2024-10-13T14:20:09Z" duration-ms="3560" status="PASS">
          <reporter-output>
          </reporter-output>
        </test-method> <!-- launchApplication -->
        <test-method signature="submitOrder(java.util.HashMap)[pri:0, instance:rahulshettyacademy.tests.SubmitOrderTest@335b5620]" started-at="2024-10-13T14:20:09Z" name="submitOrder" data-provider="getData" finished-at="2024-10-13T14:20:12Z" duration-ms="3297" status="PASS">
          <params>
            <param index="0">
              <value>
                <![CDATA[{password=Iamking@000, product=ZARA COAT 3, email=anshika@gmail.com}]]>
              </value>
            </param>
          </params>
          <reporter-output>
          </reporter-output>
        </test-method> <!-- submitOrder -->
        <test-method is-config="true" signature="tearDown()[pri:0, instance:rahulshettyacademy.tests.SubmitOrderTest@335b5620]" started-at="2024-10-13T14:20:12Z" name="tearDown" finished-at="2024-10-13T14:20:12Z" duration-ms="39" status="PASS">
          <reporter-output>
          </reporter-output>
        </test-method> <!-- tearDown -->
        <test-method is-config="true" signature="launchApplication()[pri:0, instance:rahulshettyacademy.tests.SubmitOrderTest@335b5620]" started-at="2024-10-13T14:20:12Z" name="launchApplication" finished-at="2024-10-13T14:20:15Z" duration-ms="2929" status="PASS">
          <reporter-output>
          </reporter-output>
        </test-method> <!-- launchApplication -->
        <test-method signature="submitOrder(java.util.HashMap)[pri:0, instance:rahulshettyacademy.tests.SubmitOrderTest@335b5620]" started-at="2024-10-13T14:20:15Z" name="submitOrder" data-provider="getData" finished-at="2024-10-13T14:20:18Z" duration-ms="3324" status="PASS">
          <params>
            <param index="0">
              <value>
                <![CDATA[{password=Iamking@000, product=ADIDAS ORIGINAL, email=shetty@gmail.com}]]>
              </value>
            </param>
          </params>
          <reporter-output>
          </reporter-output>
        </test-method> <!-- submitOrder -->
        <test-method is-config="true" signature="tearDown()[pri:0, instance:rahulshettyacademy.tests.SubmitOrderTest@335b5620]" started-at="2024-10-13T14:20:18Z" name="tearDown" finished-at="2024-10-13T14:20:18Z" duration-ms="95" status="PASS">
          <reporter-output>
          </reporter-output>
        </test-method> <!-- tearDown -->
        <test-method is-config="true" signature="launchApplication()[pri:0, instance:rahulshettyacademy.tests.SubmitOrderTest@335b5620]" started-at="2024-10-13T14:20:18Z" name="launchApplication" finished-at="2024-10-13T14:20:22Z" duration-ms="3369" status="PASS">
          <reporter-output>
          </reporter-output>
        </test-method> <!-- launchApplication -->
        <test-method signature="OrderHistoryTest()[pri:0, instance:rahulshettyacademy.tests.SubmitOrderTest@335b5620]" started-at="2024-10-13T14:20:22Z" name="OrderHistoryTest" finished-at="2024-10-13T14:20:22Z" depends-on-methods="rahulshettyacademy.tests.SubmitOrderTest.submitOrder" duration-ms="651" status="PASS">
          <reporter-output>
          </reporter-output>
        </test-method> <!-- OrderHistoryTest -->
        <test-method is-config="true" signature="tearDown()[pri:0, instance:rahulshettyacademy.tests.SubmitOrderTest@335b5620]" started-at="2024-10-13T14:20:22Z" name="tearDown" finished-at="2024-10-13T14:20:23Z" duration-ms="83" status="PASS">
          <reporter-output>
          </reporter-output>
        </test-method> <!-- tearDown -->
      </class> <!-- rahulshettyacademy.tests.SubmitOrderTest -->
    </test> <!-- Submit Order Test -->
  </suite> <!-- Suite -->
</testng-results>
